0 info it worked if it ends with ok
1 verbose cli [ 'C:\\Program Files\\nodejs\\\\node.exe',
1 verbose cli   'C:\\Program Files\\nodejs\\node_modules\\npm\\bin\\npm-cli.js',
1 verbose cli   'uninstall',
1 verbose cli   'http-server',
1 verbose cli   '-g' ]
2 info using npm@2.10.1
3 info using node@v0.12.4
4 verbose unbuild node_modules\http-server
5 info preuninstall http-server@0.8.0
6 info uninstall http-server@0.8.0
7 verbose unbuild rmStuff http-server@0.8.0 from E:\nodejs\node_global\node_modules
8 silly gentlyRm E:\nodejs\node_global\http-server.cmd is being gently removed
9 silly gentlyRm verifying E:\nodejs\node_global is an npm working directory
10 silly gentlyRm E:\nodejs\node_global\hs.cmd is being gently removed
11 silly gentlyRm verifying E:\nodejs\node_global is an npm working directory
12 silly gentlyRm containing path E:\nodejs\node_global is under npm's control, in E:\nodejs\node_global
13 silly gentlyRm deletion target E:\nodejs\node_global\http-server.cmd is under E:\nodejs\node_global
14 verbose gentlyRm vacuuming from E:\nodejs\node_global\http-server.cmd up to E:\nodejs\node_global
15 silly gentlyRm containing path E:\nodejs\node_global is under npm's control, in E:\nodejs\node_global
16 silly gentlyRm deletion target E:\nodejs\node_global\hs.cmd is under E:\nodejs\node_global
17 verbose gentlyRm vacuuming from E:\nodejs\node_global\hs.cmd up to E:\nodejs\node_global
18 silly gentlyRm E:\nodejs\node_global\http-server is being gently removed
19 silly gentlyRm verifying E:\nodejs\node_global is an npm working directory
20 silly gentlyRm containing path E:\nodejs\node_global is under npm's control, in E:\nodejs\node_global
21 silly gentlyRm deletion target E:\nodejs\node_global\http-server is under E:\nodejs\node_global
22 verbose gentlyRm vacuuming from E:\nodejs\node_global\http-server up to E:\nodejs\node_global
23 silly gentlyRm E:\nodejs\node_global\hs is being gently removed
24 silly gentlyRm verifying E:\nodejs\node_global is an npm working directory
25 silly gentlyRm containing path E:\nodejs\node_global is under npm's control, in E:\nodejs\node_global
26 silly gentlyRm deletion target E:\nodejs\node_global\hs is under E:\nodejs\node_global
27 verbose gentlyRm vacuuming from E:\nodejs\node_global\hs up to E:\nodejs\node_global
28 info postuninstall http-server@0.8.0
29 silly gentlyRm E:\nodejs\node_global\node_modules\http-server is being purged from base E:\nodejs\node_global
30 verbose gentlyRm don't care about contents; nuking E:\nodejs\node_global\node_modules\http-server
31 silly vacuum-fs purging E:\nodejs\node_global\node_modules\http-server
32 verbose stack Error: EBUSY, rmdir 'E:\nodejs\node_global\node_modules\http-server'
32 verbose stack     at Error (native)
33 verbose cwd E:\work\GitHub\xueersi\we-bargain
34 error Windows_NT 6.3.9600
35 error argv "C:\\Program Files\\nodejs\\\\node.exe" "C:\\Program Files\\nodejs\\node_modules\\npm\\bin\\npm-cli.js" "uninstall" "http-server" "-g"
36 error node v0.12.4
37 error npm  v2.10.1
38 error path E:\nodejs\node_global\node_modules\http-server
39 error code EBUSY
40 error errno -4082
41 error EBUSY, rmdir 'E:\nodejs\node_global\node_modules\http-server'
42 error If you need help, you may report this error at:
42 error     <https://github.com/npm/npm/issues>
43 verbose exit [ -4082, true ]
